<?xml version="1.0" encoding="UTF-8"?>
<testsuite name="AdventOfCodeTest" tests="1" skipped="0" failures="0" errors="0" timestamp="2023-12-03T16:22:52" hostname="Kealans-MBP-2" time="0.05">
  <properties/>
  <testcase name="dayOnePartTwo()" classname="AdventOfCodeTest" time="0.05"/>
  <system-out><![CDATA[Total : 54019
]]></system-out>
  <system-err><![CDATA[]]></system-err>
</testsuite>
